# JRE version: OpenJDK Runtime Environment (8.0_40-b10) (build 1.8.0_40-b10)
# Java VM: OpenJDK 64-Bit Server VM (25.40-b14 mixed mode linux-amd64 compressed oops)
Heap:
 def new generation   total 4992K, used 0K [0x00000000e0e00000, 0x00000000e1360000, 0x00000000eb400000)
  eden space 4480K,   0% used [0x00000000e0e00000, 0x00000000e0e00000, 0x00000000e1260000)
  from space 512K,   0% used [0x00000000e12e0000, 0x00000000e12e0000, 0x00000000e1360000)
  to   space 512K,   0% used [0x00000000e1260000, 0x00000000e1260000, 0x00000000e12e0000)
 tenured generation   total 113348K, used 5569K [0x00000000eb400000, 0x00000000f22b1000, 0x0000000100000000)
   the space 113348K,   4% used [0x00000000eb400000, 0x00000000eb970600, 0x00000000eb970600, 0x00000000f22b1000)
 Metaspace       used 15121K, capacity 15342K, committed 15744K, reserved 1062912K
  class space    used 1757K, capacity 1797K, committed 1920K, reserved 1048576K
GC Heap History (10 events):
Event: 4.024 GC heap after
Heap after GC invocations=25 (full 0):
 def new generation   total 4928K, used 511K [0x00000000e0e00000, 0x00000000e1350000, 0x00000000eb400000)
  eden space 4416K,   0% used [0x00000000e0e00000, 0x00000000e0e00000, 0x00000000e1250000)
  from space 512K,  99% used [0x00000000e12d0000, 0x00000000e134fff8, 0x00000000e1350000)
  to   space 512K,   0% used [0x00000000e1250000, 0x00000000e1250000, 0x00000000e12d0000)
 tenured generation   total 10944K, used 7315K [0x00000000eb400000, 0x00000000ebeb0000, 0x0000000100000000)
   the space 10944K,  66% used [0x00000000eb400000, 0x00000000ebb24e18, 0x00000000ebb25000, 0x00000000ebeb0000)
 Metaspace       used 14005K, capacity 14230K, committed 14592K, reserved 1062912K
  class space    used 1616K, capacity 1665K, committed 1792K, reserved 1048576K
}
Event: 4.105 GC heap before
{Heap before GC invocations=25 (full 0):
 def new generation   total 4928K, used 4927K [0x00000000e0e00000, 0x00000000e1350000, 0x00000000eb400000)
  eden space 4416K, 100% used [0x00000000e0e00000, 0x00000000e1250000, 0x00000000e1250000)
  from space 512K,  99% used [0x00000000e12d0000, 0x00000000e134fff8, 0x00000000e1350000)
  to   space 512K,   0% used [0x00000000e1250000, 0x00000000e1250000, 0x00000000e12d0000)
 tenured generation   total 10944K, used 7315K [0x00000000eb400000, 0x00000000ebeb0000, 0x0000000100000000)
   the space 10944K,  66% used [0x00000000eb400000, 0x00000000ebb24e18, 0x00000000ebb25000, 0x00000000ebeb0000)
 Metaspace       used 14248K, capacity 14454K, committed 14592K, reserved 1062912K
  class space    used 1647K, capacity 1697K, committed 1792K, reserved 1048576K
Event: 4.107 GC heap after
Heap after GC invocations=26 (full 0):
 def new generation   total 4928K, used 458K [0x00000000e0e00000, 0x00000000e1350000, 0x00000000eb400000)
  eden space 4416K,   0% used [0x00000000e0e00000, 0x00000000e0e00000, 0x00000000e1250000)
  from space 512K,  89% used [0x00000000e1250000, 0x00000000e12c2a58, 0x00000000e12d0000)
  to   space 512K,   0% used [0x00000000e12d0000, 0x00000000e12d0000, 0x00000000e1350000)
 tenured generation   total 10944K, used 7360K [0x00000000eb400000, 0x00000000ebeb0000, 0x0000000100000000)
   the space 10944K,  67% used [0x00000000eb400000, 0x00000000ebb300e8, 0x00000000ebb30200, 0x00000000ebeb0000)
 Metaspace       used 14248K, capacity 14454K, committed 14592K, reserved 1062912K
  class space    used 1647K, capacity 1697K, committed 1792K, reserved 1048576K
}
Event: 4.163 GC heap before
{Heap before GC invocations=26 (full 0):
 def new generation   total 4928K, used 4874K [0x00000000e0e00000, 0x00000000e1350000, 0x00000000eb400000)
  eden space 4416K, 100% used [0x00000000e0e00000, 0x00000000e1250000, 0x00000000e1250000)
  from space 512K,  89% used [0x00000000e1250000, 0x00000000e12c2a58, 0x00000000e12d0000)
  to   space 512K,   0% used [0x00000000e12d0000, 0x00000000e12d0000, 0x00000000e1350000)
 tenured generation   total 10944K, used 7360K [0x00000000eb400000, 0x00000000ebeb0000, 0x0000000100000000)
   the space 10944K,  67% used [0x00000000eb400000, 0x00000000ebb300e8, 0x00000000ebb30200, 0x00000000ebeb0000)
 Metaspace       used 14290K, capacity 14454K, committed 14592K, reserved 1062912K
  class space    used 1650K, capacity 1697K, committed 1792K, reserved 1048576K
Event: 4.165 GC heap after
Heap after GC invocations=27 (full 0):
 def new generation   total 4928K, used 486K [0x00000000e0e00000, 0x00000000e1350000, 0x00000000eb400000)
  eden space 4416K,   0% used [0x00000000e0e00000, 0x00000000e0e00000, 0x00000000e1250000)
  from space 512K,  95% used [0x00000000e12d0000, 0x00000000e1349b08, 0x00000000e1350000)
  to   space 512K,   0% used [0x00000000e1250000, 0x00000000e1250000, 0x00000000e12d0000)
 tenured generation   total 10944K, used 7696K [0x00000000eb400000, 0x00000000ebeb0000, 0x0000000100000000)
   the space 10944K,  70% used [0x00000000eb400000, 0x00000000ebb84268, 0x00000000ebb84400, 0x00000000ebeb0000)
 Metaspace       used 14290K, capacity 14454K, committed 14592K, reserved 1062912K
  class space    used 1650K, capacity 1697K, committed 1792K, reserved 1048576K
}
Event: 4.398 GC heap before
{Heap before GC invocations=27 (full 0):
 def new generation   total 4928K, used 4902K [0x00000000e0e00000, 0x00000000e1350000, 0x00000000eb400000)
  eden space 4416K, 100% used [0x00000000e0e00000, 0x00000000e1250000, 0x00000000e1250000)
  from space 512K,  95% used [0x00000000e12d0000, 0x00000000e1349b08, 0x00000000e1350000)
  to   space 512K,   0% used [0x00000000e1250000, 0x00000000e1250000, 0x00000000e12d0000)
 tenured generation   total 10944K, used 7696K [0x00000000eb400000, 0x00000000ebeb0000, 0x0000000100000000)
   the space 10944K,  70% used [0x00000000eb400000, 0x00000000ebb84268, 0x00000000ebb84400, 0x00000000ebeb0000)
 Metaspace       used 14759K, capacity 14990K, committed 15104K, reserved 1062912K
  class space    used 1712K, capacity 1765K, committed 1792K, reserved 1048576K
Event: 4.400 GC heap after
Heap after GC invocations=28 (full 0):
 def new generation   total 4928K, used 357K [0x00000000e0e00000, 0x00000000e1350000, 0x00000000eb400000)
  eden space 4416K,   0% used [0x00000000e0e00000, 0x00000000e0e00000, 0x00000000e1250000)
  from space 512K,  69% used [0x00000000e1250000, 0x00000000e12a97c0, 0x00000000e12d0000)
  to   space 512K,   0% used [0x00000000e12d0000, 0x00000000e12d0000, 0x00000000e1350000)
 tenured generation   total 10944K, used 7758K [0x00000000eb400000, 0x00000000ebeb0000, 0x0000000100000000)
   the space 10944K,  70% used [0x00000000eb400000, 0x00000000ebb93928, 0x00000000ebb93a00, 0x00000000ebeb0000)
 Metaspace       used 14759K, capacity 14990K, committed 15104K, reserved 1062912K
  class space    used 1712K, capacity 1765K, committed 1792K, reserved 1048576K
}
Event: 4.431 GC heap before
{Heap before GC invocations=28 (full 0):
 def new generation   total 4928K, used 1932K [0x00000000e0e00000, 0x00000000e1350000, 0x00000000eb400000)
  eden space 4416K,  35% used [0x00000000e0e00000, 0x00000000e0f899d0, 0x00000000e1250000)
  from space 512K,  69% used [0x00000000e1250000, 0x00000000e12a97c0, 0x00000000e12d0000)
  to   space 512K,   0% used [0x00000000e12d0000, 0x00000000e12d0000, 0x00000000e1350000)
 tenured generation   total 10944K, used 7758K [0x00000000eb400000, 0x00000000ebeb0000, 0x0000000100000000)
   the space 10944K,  70% used [0x00000000eb400000, 0x00000000ebb93928, 0x00000000ebb93a00, 0x00000000ebeb0000)
 Metaspace       used 14871K, capacity 15086K, committed 15488K, reserved 1062912K
  class space    used 1726K, capacity 1797K, committed 1920K, reserved 1048576K
Event: 4.453 GC heap after
Heap after GC invocations=29 (full 1):
 def new generation   total 4992K, used 0K [0x00000000e0e00000, 0x00000000e1360000, 0x00000000eb400000)
  eden space 4480K,   0% used [0x00000000e0e00000, 0x00000000e0e00000, 0x00000000e1260000)
  from space 512K,   0% used [0x00000000e1260000, 0x00000000e1260000, 0x00000000e12e0000)
  to   space 512K,   0% used [0x00000000e12e0000, 0x00000000e12e0000, 0x00000000e1360000)
 tenured generation   total 10944K, used 5464K [0x00000000eb400000, 0x00000000ebeb0000, 0x0000000100000000)
   the space 10944K,  49% used [0x00000000eb400000, 0x00000000eb956228, 0x00000000eb956400, 0x00000000ebeb0000)
 Metaspace       used 14871K, capacity 15086K, committed 15488K, reserved 1062912K
  class space    used 1726K, capacity 1797K, committed 1920K, reserved 1048576K
}
Event: 11.016 GC heap before
{Heap before GC invocations=29 (full 1):
 def new generation   total 4992K, used 3097K [0x00000000e0e00000, 0x00000000e1360000, 0x00000000eb400000)
  eden space 4480K,  69% used [0x00000000e0e00000, 0x00000000e11065a8, 0x00000000e1260000)
  from space 512K,   0% used [0x00000000e1260000, 0x00000000e1260000, 0x00000000e12e0000)
  to   space 512K,   0% used [0x00000000e12e0000, 0x00000000e12e0000, 0x00000000e1360000)
 tenured generation   total 113348K, used 107864K [0x00000000eb400000, 0x00000000f22b1000, 0x0000000100000000)
   the space 113348K,  95% used [0x00000000eb400000, 0x00000000f1d56238, 0x00000000f1d56400, 0x00000000f22b1000)
 Metaspace       used 15121K, capacity 15342K, committed 15744K, reserved 1062912K
  class space    used 1757K, capacity 1797K, committed 1920K, reserved 1048576K

